<?xml version="1.0" encoding="UTF-8"?>
<!-- Generated by org.testng.reporters.JUnitReportReporter -->
<testsuite skipped="0" hostname="LAPTOP-A313QKMS-rajesh" name="restAssuredTest.DemoValidationOnXMLResponse" tests="1" failures="0" timestamp="29 Jun 2019 15:24:07 GMT" time="3.497" errors="0">
  <testcase name="testUsingXpath2" time="3.497" classname="restAssuredTest.DemoValidationOnXMLResponse"/>
</testsuite> <!-- restAssuredTest.DemoValidationOnXMLResponse -->
