<?xml version="1.0" encoding="UTF-8"?>
<!-- Generated by org.testng.reporters.JUnitReportReporter -->
<testsuite skipped="0" hostname="LAPTOP-A313QKMS-rajesh" name="com.mobiotics.BSL_API_TestCases.Send_Special_Comand" tests="4" failures="0" timestamp="18 Jun 2019 11:23:30 GMT" time="0.048" errors="0">
  <testcase name="checkStatusCode" time="0.008" classname="com.mobiotics.BSL_API_TestCases.Send_Special_Comand"/>
  <testcase name="checkResponseBody" time="0.020" classname="com.mobiotics.BSL_API_TestCases.Send_Special_Comand"/>
  <testcase name="checkingResponseTime" time="0.008" classname="com.mobiotics.BSL_API_TestCases.Send_Special_Comand"/>
  <testcase name="getAllHeaders" time="0.012" classname="com.mobiotics.BSL_API_TestCases.Send_Special_Comand"/>
</testsuite> <!-- com.mobiotics.BSL_API_TestCases.Send_Special_Comand -->
