<?xml version="1.0" encoding="UTF-8"?>
<!-- Generated by org.testng.reporters.JUnitReportReporter -->
<testsuite skipped="0" hostname="LAPTOP-A313QKMS-rajesh" name="restAssuredTest.Demo2_Post_Request" tests="1" failures="0" timestamp="29 Jun 2019 10:23:02 GMT" time="3.872" errors="0">
  <testcase name="testPost" time="3.872" classname="restAssuredTest.Demo2_Post_Request"/>
</testsuite> <!-- restAssuredTest.Demo2_Post_Request -->
