<?xml version="1.0" encoding="UTF-8"?>
<!-- Generated by org.testng.reporters.JUnitReportReporter -->
<testsuite skipped="0" hostname="LAPTOP-A313QKMS-rajesh" name="com.mobiotics.BSL_API_TestCases.BSL_APIs_Test" tests="8" failures="0" timestamp="08 Jul 2019 07:31:38 GMT" time="25.037" errors="0">
  <testcase name="getLogOnToPortal" time="8.250" classname="com.mobiotics.BSL_API_TestCases.BSL_APIs_Test"/>
  <testcase name="sendSpecialCommand" time="0.609" classname="com.mobiotics.BSL_API_TestCases.BSL_APIs_Test"/>
  <testcase name="TC_003_Get_Available_Comercial_ProductFOrOperator" time="1.059" classname="com.mobiotics.BSL_API_TestCases.BSL_APIs_Test"/>
  <testcase name="TC_004_GetCustomerProductDetails" time="0.321" classname="com.mobiotics.BSL_API_TestCases.BSL_APIs_Test"/>
  <testcase name="TC_006_GetCustomerDetails" time="0.268" classname="com.mobiotics.BSL_API_TestCases.BSL_APIs_Test"/>
  <testcase name="TC_007_getOperator_Details" time="10.403" classname="com.mobiotics.BSL_API_TestCases.BSL_APIs_Test"/>
  <testcase name="addProductToCustomer" time="1.135" classname="com.mobiotics.BSL_API_TestCases.BSL_APIs_Test"/>
  <testcase name="TC_10_CreateCustomer" time="2.992" classname="com.mobiotics.BSL_API_TestCases.BSL_APIs_Test"/>
</testsuite> <!-- com.mobiotics.BSL_API_TestCases.BSL_APIs_Test -->
