<?xml version="1.0" encoding="UTF-8"?>
<!-- Generated by org.testng.reporters.JUnitReportReporter -->
<testsuite skipped="0" hostname="LAPTOP-A313QKMS-rajesh" name="com.mobiotics.BSL_API_TestCases.Log_On_Operator_Portal" tests="4" failures="0" timestamp="19 Jun 2019 06:01:20 GMT" time="0.039" errors="0">
  <testcase name="getAllHeaders" time="0.014" classname="com.mobiotics.BSL_API_TestCases.Log_On_Operator_Portal"/>
  <testcase name="checkStatusCode" time="0.005" classname="com.mobiotics.BSL_API_TestCases.Log_On_Operator_Portal"/>
  <testcase name="checkingResponseTime" time="0.005" classname="com.mobiotics.BSL_API_TestCases.Log_On_Operator_Portal"/>
  <testcase name="checkResponseBody" time="0.015" classname="com.mobiotics.BSL_API_TestCases.Log_On_Operator_Portal"/>
</testsuite> <!-- com.mobiotics.BSL_API_TestCases.Log_On_Operator_Portal -->
