<?xml version="1.0" encoding="UTF-8"?>
<!-- Generated by org.testng.reporters.JUnitReportReporter -->
<testsuite skipped="0" hostname="LAPTOP-A313QKMS-rajesh" name="com.mobiotics.BSL_API_TestCases.GetCustomerProductDetails" tests="1" failures="0" timestamp="19 Jun 2019 05:27:58 GMT" time="2.855" errors="0">
  <testcase name="getCustomerProductDetails" time="2.855" classname="com.mobiotics.BSL_API_TestCases.GetCustomerProductDetails"/>
</testsuite> <!-- com.mobiotics.BSL_API_TestCases.GetCustomerProductDetails -->
