<?xml version="1.0" encoding="UTF-8"?>
<!-- Generated by org.testng.reporters.JUnitReportReporter -->
<testsuite skipped="0" hostname="LAPTOP-A313QKMS-rajesh" name="com.mobiotics.BSL_API_TestCases.TC_002_Send_Special_Comand" tests="1" failures="0" timestamp="30 Jul 2019 05:36:13 GMT" time="4.929" errors="0">
  <testcase name="sendSpecialCommand" time="4.929" classname="com.mobiotics.BSL_API_TestCases.TC_002_Send_Special_Comand"/>
</testsuite> <!-- com.mobiotics.BSL_API_TestCases.TC_002_Send_Special_Comand -->
