<?xml version="1.0" encoding="UTF-8"?>
<!-- Generated by org.testng.reporters.JUnitReportReporter -->
<testsuite skipped="0" hostname="LAPTOP-A313QKMS-rajesh" name="com.mobiotics.BSL_API_TestCases.TC_005_SendSpacialComands" tests="1" failures="0" timestamp="25 Jul 2019 17:59:36 GMT" time="0.004" errors="0">
  <testcase name="postData" time="0.004" classname="com.mobiotics.BSL_API_TestCases.TC_005_SendSpacialComands"/>
</testsuite> <!-- com.mobiotics.BSL_API_TestCases.TC_005_SendSpacialComands -->
