<?xml version="1.0" encoding="UTF-8"?>
<!-- Generated by org.testng.reporters.JUnitReportReporter -->
<testsuite skipped="0" hostname="LAPTOP-A313QKMS-rajesh" name="com.mobiotics.BSL_API_TestCases.TC_009_AddProductToCustomer" tests="1" failures="0" timestamp="25 Jul 2019 17:59:36 GMT" time="4.337" errors="0">
  <testcase name="addProductToCustomer" time="4.337" classname="com.mobiotics.BSL_API_TestCases.TC_009_AddProductToCustomer"/>
</testsuite> <!-- com.mobiotics.BSL_API_TestCases.TC_009_AddProductToCustomer -->
