<?xml version="1.0" encoding="UTF-8"?>
<!-- Generated by org.testng.reporters.JUnitReportReporter -->
<testsuite skipped="0" hostname="LAPTOP-A313QKMS-rajesh" name="restAssuredTest.Demo1_Get_Request" tests="1" failures="0" timestamp="29 Jun 2019 07:46:18 GMT" time="6.285" errors="0">
  <testcase name="get_WeatherDetail" time="6.285" classname="restAssuredTest.Demo1_Get_Request"/>
</testsuite> <!-- restAssuredTest.Demo1_Get_Request -->
