<?xml version="1.0" encoding="UTF-8"?>
<!-- Generated by org.testng.reporters.JUnitReportReporter -->
<testsuite skipped="0" hostname="LAPTOP-A313QKMS-rajesh" name="com.mobiotics.BSL_API_TestCases.Get_Available_Comercial_ProductFOrOperator" tests="4" failures="0" timestamp="19 Jun 2019 05:20:29 GMT" time="0.143" errors="0">
  <testcase name="checkingResponseTime" time="0.004" classname="com.mobiotics.BSL_API_TestCases.Get_Available_Comercial_ProductFOrOperator"/>
  <testcase name="checkResponseBody" time="0.107" classname="com.mobiotics.BSL_API_TestCases.Get_Available_Comercial_ProductFOrOperator"/>
  <testcase name="checkStatusCode" time="0.009" classname="com.mobiotics.BSL_API_TestCases.Get_Available_Comercial_ProductFOrOperator"/>
  <testcase name="getAllHeaders" time="0.023" classname="com.mobiotics.BSL_API_TestCases.Get_Available_Comercial_ProductFOrOperator"/>
</testsuite> <!-- com.mobiotics.BSL_API_TestCases.Get_Available_Comercial_ProductFOrOperator -->
